Using pre-set license
Built from '2021.1/staging' branch; Version is '2021.1.12f1 (afcadd793de6) revision 11520733'; Using compiler version '192528614'; Build Type 'Release'
OS: 'Windows 10 Home; OS build 19043.1288; Version 2009; 64bit' Language: 'en' Physical Memory: 32439 MB
BatchMode: 1, IsHumanControllingUs: 0, StartBugReporterOnCrash: 0, Is64bit: 1, IsPro: 0

 COMMAND LINE ARGUMENTS:
C:\Program Files\UNITY\2021.1.12f1\Editor\Unity.exe
-adb2
-batchMode
-noUpm
-name
AssetImportWorker1
-projectPath
C:/Users/jackl/Documents/GitHub/PGA_Infinite_Generation
-logFile
Logs/AssetImportWorker1.log
-srvPort
54757
Successfully changed project path to: C:/Users/jackl/Documents/GitHub/PGA_Infinite_Generation
C:/Users/jackl/Documents/GitHub/PGA_Infinite_Generation
Using Asset Import Pipeline V2.
Refreshing native plugins compatible for Editor in 92.64 ms, found 3 plugins.
Preloading 0 native plugins for Editor in 0.00 ms.
Initialize engine version: 2021.1.12f1 (afcadd793de6)
[Subsystems] Discovering subsystems at path C:/Program Files/UNITY/2021.1.12f1/Editor/Data/Resources/UnitySubsystems
[Subsystems] Discovering subsystems at path C:/Users/jackl/Documents/GitHub/PGA_Infinite_Generation/Assets
GfxDevice: creating device client; threaded=0; jobified=0
Direct3D:
    Version:  Direct3D 11.0 [level 11.1]
    Renderer: NVIDIA GeForce RTX 3080 (ID=0x2216)
    Vendor:   NVIDIA
    VRAM:     10078 MB
    Driver:   30.0.14.9613
Initialize mono
Mono path[0] = 'C:/Program Files/UNITY/2021.1.12f1/Editor/Data/Managed'
Mono path[1] = 'C:/Program Files/UNITY/2021.1.12f1/Editor/Data/MonoBleedingEdge/lib/mono/unityjit'
Mono config path = 'C:/Program Files/UNITY/2021.1.12f1/Editor/Data/MonoBleedingEdge/etc'
Using monoOptions --debugger-agent=transport=dt_socket,embedding=1,server=y,suspend=n,address=127.0.0.1:56748
Begin MonoManager ReloadAssembly
Registering precompiled unity dll's ...
Register platform support module: C:/Program Files/UNITY/2021.1.12f1/Editor/Data/PlaybackEngines/WindowsStandaloneSupport/UnityEditor.WindowsStandalone.Extensions.dll
Registered in 0.001517 seconds.
Native extension for WindowsStandalone target not found
Refreshing native plugins compatible for Editor in 115.36 ms, found 3 plugins.
Preloading 0 native plugins for Editor in 0.00 ms.
Mono: successfully reloaded assembly
- Completed reload, in  1.263 seconds
Domain Reload Profiling:
	ReloadAssembly (1263ms)
		BeginReloadAssembly (45ms)
			ExecutionOrderSort (0ms)
			DisableScriptedObjects (0ms)
			BackupInstance (0ms)
			ReleaseScriptingObjects (0ms)
			CreateAndSetChildDomain (1ms)
		EndReloadAssembly (534ms)
			LoadAssemblies (43ms)
			RebuildTransferFunctionScriptingTraits (0ms)
			SetupTypeCache (152ms)
			ReleaseScriptCaches (0ms)
			RebuildScriptCaches (62ms)
			SetupLoadedEditorAssemblies (279ms)
				LogAssemblyErrors (0ms)
				InitializePlatformSupportModulesInManaged (9ms)
				SetLoadedEditorAssemblies (1ms)
				RefreshPlugins (115ms)
				BeforeProcessingInitializeOnLoad (1ms)
				ProcessInitializeOnLoadAttributes (125ms)
				ProcessInitializeOnLoadMethodAttributes (27ms)
				AfterProcessingInitializeOnLoad (0ms)
				EditorAssembliesLoaded (0ms)
			ExecutionOrderSort2 (0ms)
			AwakeInstancesAfterBackupRestoration (0ms)
Platform modules already initialized, skipping
Registering precompiled user dll's ...
Registered in 0.004814 seconds.
Begin MonoManager ReloadAssembly
Symbol file LoadedFromMemory doesn't match image C:\Users\jackl\Documents\GitHub\PGA_Infinite_Generation\Library\PackageCache\com.unity.visualscripting@1.6.1\Editor\VisualScripting.Core\Dependencies\YamlDotNet\Unity.VisualScripting.YamlDotNet.dll
Symbol file LoadedFromMemory doesn't match image C:\Users\jackl\Documents\GitHub\PGA_Infinite_Generation\Library\PackageCache\com.unity.visualscripting@1.6.1\Editor\VisualScripting.Core\Dependencies\DotNetZip\Unity.VisualScripting.IonicZip.dll
Native extension for WindowsStandalone target not found
Refreshing native plugins compatible for Editor in 97.20 ms, found 3 plugins.
Preloading 0 native plugins for Editor in 0.00 ms.
Mono: successfully reloaded assembly
- Completed reload, in  4.170 seconds
Domain Reload Profiling:
	ReloadAssembly (4170ms)
		BeginReloadAssembly (146ms)
			ExecutionOrderSort (0ms)
			DisableScriptedObjects (5ms)
			BackupInstance (0ms)
			ReleaseScriptingObjects (0ms)
			CreateAndSetChildDomain (30ms)
		EndReloadAssembly (3950ms)
			LoadAssemblies (2183ms)
			RebuildTransferFunctionScriptingTraits (0ms)
			SetupTypeCache (929ms)
			ReleaseScriptCaches (1ms)
			RebuildScriptCaches (75ms)
			SetupLoadedEditorAssemblies (658ms)
				LogAssemblyErrors (0ms)
				InitializePlatformSupportModulesInManaged (4ms)
				SetLoadedEditorAssemblies (0ms)
				RefreshPlugins (97ms)
				BeforeProcessingInitializeOnLoad (94ms)
				ProcessInitializeOnLoadAttributes (453ms)
				ProcessInitializeOnLoadMethodAttributes (5ms)
				AfterProcessingInitializeOnLoad (5ms)
				EditorAssembliesLoaded (0ms)
			ExecutionOrderSort2 (0ms)
			AwakeInstancesAfterBackupRestoration (6ms)
Platform modules already initialized, skipping
========================================================================
Worker process is ready to serve import requests
Launched and connected shader compiler UnityShaderCompiler.exe after 0.12 seconds
Refreshing native plugins compatible for Editor in 2.09 ms, found 3 plugins.
Preloading 0 native plugins for Editor in 0.00 ms.
Unloading 4244 Unused Serialized files (Serialized files now loaded: 0)
System memory in use before: 162.7 MB.
System memory in use after: 162.9 MB.

Unloading 23 unused Assets to reduce memory usage. Loaded Objects now: 4691.
Total: 6.460400 ms (FindLiveObjects: 0.642700 ms CreateObjectMapping: 0.489000 ms MarkObjects: 5.163500 ms  DeleteObjects: 0.162800 ms)

AssetImportParameters requested are different than current active one (requested -> active):
  custom:framework-win-MediaFoundation: 216162199b28c13a410421893ffa2e32 -> 
  custom:video-decoder-ogg-theora: a1e56fd34408186e4bbccfd4996cb3dc -> 
  custom:container-muxer-webm: aa71ff27fc2769a1b78a27578f13a17b -> 
  custom:container-demuxer-webm: 4f35f7cbe854078d1ac9338744f61a02 -> 
  custom:container-demuxer-ogg: 62fdf1f143b41e24485cea50d1cbac27 -> 
  custom:video-encoder-webm-vp8: eb34c28f22e8b96e1ab97ce403110664 -> 
  custom:video-decoder-webm-vp8: 9c59270c3fd7afecdb556c50c9e8de78 -> 
  custom:audio-decoder-ogg-vorbis: bf7c407c2cedff20999df2af8eb42d56 -> 
  custom:audio-encoder-webm-vorbis: bf7c407c2cedff20999df2af8eb42d56 -> 
========================================================================
Received Import Request.
  path: Assets/Scripts/TerrainGenerator.cs
  artifactKey: Guid(f135812751fe5b2489c7a090088f3683) Importer(815301076,1909f56bfc062723c751e8b465ee728b)
Start importing Assets/Scripts/TerrainGenerator.cs using Guid(f135812751fe5b2489c7a090088f3683) Importer(815301076,1909f56bfc062723c751e8b465ee728b)  -> (artifact id: 'aa63783b906d7171549176ae665bb6e7') in 0.043008 seconds 
========================================================================
Received Import Request.
  Time since last request: 101.902277 seconds.
  path: Assets/Scripts/TerrainGenerator.cs
  artifactKey: Guid(f135812751fe5b2489c7a090088f3683) Importer(815301076,1909f56bfc062723c751e8b465ee728b)
Start importing Assets/Scripts/TerrainGenerator.cs using Guid(f135812751fe5b2489c7a090088f3683) Importer(815301076,1909f56bfc062723c751e8b465ee728b)  -> (artifact id: '48b79eff15cf0adbaf0b57ea0acbd3c1') in 0.003599 seconds 
========================================================================
Received Import Request.
  Time since last request: 28.015053 seconds.
  path: Assets/Scripts/TerrainGenerator.cs
  artifactKey: Guid(f135812751fe5b2489c7a090088f3683) Importer(815301076,1909f56bfc062723c751e8b465ee728b)
Start importing Assets/Scripts/TerrainGenerator.cs using Guid(f135812751fe5b2489c7a090088f3683) Importer(815301076,1909f56bfc062723c751e8b465ee728b)  -> (artifact id: 'faa8a3349817ed9a3cdbbcf4d79cbd9c') in 0.007916 seconds 
========================================================================
Received Import Request.
  Time since last request: 42.366752 seconds.
  path: Assets/Scripts/TerrainGenerator.cs
  artifactKey: Guid(f135812751fe5b2489c7a090088f3683) Importer(815301076,1909f56bfc062723c751e8b465ee728b)
Start importing Assets/Scripts/TerrainGenerator.cs using Guid(f135812751fe5b2489c7a090088f3683) Importer(815301076,1909f56bfc062723c751e8b465ee728b)  -> (artifact id: '49199cb54ebbe4042257f9ab73f37824') in 0.007170 seconds 
========================================================================
Received Import Request.
  Time since last request: 5.994888 seconds.
  path: Assets/Scripts/TerrainGenerator.cs
  artifactKey: Guid(f135812751fe5b2489c7a090088f3683) Importer(815301076,1909f56bfc062723c751e8b465ee728b)
Start importing Assets/Scripts/TerrainGenerator.cs using Guid(f135812751fe5b2489c7a090088f3683) Importer(815301076,1909f56bfc062723c751e8b465ee728b)  -> (artifact id: '18f3e92589ab97e99c132c18bc074c15') in 0.007133 seconds 
========================================================================
Received Import Request.
  Time since last request: 19.495583 seconds.
  path: Assets/Scripts/TerrainGenerator.cs
  artifactKey: Guid(f135812751fe5b2489c7a090088f3683) Importer(815301076,1909f56bfc062723c751e8b465ee728b)
Start importing Assets/Scripts/TerrainGenerator.cs using Guid(f135812751fe5b2489c7a090088f3683) Importer(815301076,1909f56bfc062723c751e8b465ee728b)  -> (artifact id: '34b099bf9388f6fca126e8e9a983306f') in 0.004256 seconds 
========================================================================
Received Import Request.
  Time since last request: 69.784924 seconds.
  path: Assets/Scripts/TerrainGenerator.cs
  artifactKey: Guid(f135812751fe5b2489c7a090088f3683) Importer(815301076,1909f56bfc062723c751e8b465ee728b)
Start importing Assets/Scripts/TerrainGenerator.cs using Guid(f135812751fe5b2489c7a090088f3683) Importer(815301076,1909f56bfc062723c751e8b465ee728b)  -> (artifact id: '89fb5a2f74bb78e6b3c11478018430c3') in 0.008762 seconds 
========================================================================
Received Import Request.
  Time since last request: 30.287241 seconds.
  path: Assets/Scripts/TerrainGenerator.cs
  artifactKey: Guid(f135812751fe5b2489c7a090088f3683) Importer(815301076,1909f56bfc062723c751e8b465ee728b)
Start importing Assets/Scripts/TerrainGenerator.cs using Guid(f135812751fe5b2489c7a090088f3683) Importer(815301076,1909f56bfc062723c751e8b465ee728b)  -> (artifact id: '8bc85dae4c7860326e88cdbfb2e671b4') in 0.003897 seconds 
========================================================================
Received Import Request.
  Time since last request: 49.670334 seconds.
  path: Assets/Scripts/TerrainGenerator.cs
  artifactKey: Guid(f135812751fe5b2489c7a090088f3683) Importer(815301076,1909f56bfc062723c751e8b465ee728b)
Start importing Assets/Scripts/TerrainGenerator.cs using Guid(f135812751fe5b2489c7a090088f3683) Importer(815301076,1909f56bfc062723c751e8b465ee728b)  -> (artifact id: 'b81212b9127bd06ab8cc917b12ad01f3') in 0.008182 seconds 
========================================================================
Received Import Request.
  Time since last request: 111.128922 seconds.
  path: Assets/Scripts/TerrainGenerator.cs
  artifactKey: Guid(f135812751fe5b2489c7a090088f3683) Importer(815301076,1909f56bfc062723c751e8b465ee728b)
Start importing Assets/Scripts/TerrainGenerator.cs using Guid(f135812751fe5b2489c7a090088f3683) Importer(815301076,1909f56bfc062723c751e8b465ee728b)  -> (artifact id: '3fb19fb504a757dde221205f31f8ec3f') in 0.004390 seconds 
========================================================================
Received Import Request.
  Time since last request: 16.370339 seconds.
  path: Assets/Scripts/TerrainGenerator.cs
  artifactKey: Guid(f135812751fe5b2489c7a090088f3683) Importer(815301076,1909f56bfc062723c751e8b465ee728b)
Start importing Assets/Scripts/TerrainGenerator.cs using Guid(f135812751fe5b2489c7a090088f3683) Importer(815301076,1909f56bfc062723c751e8b465ee728b)  -> (artifact id: '167c86abf63de0925820e1f048f25542') in 0.004411 seconds 
========================================================================
Received Import Request.
  Time since last request: 13.482310 seconds.
  path: Assets/Scripts/TerrainGenerator.cs
  artifactKey: Guid(f135812751fe5b2489c7a090088f3683) Importer(815301076,1909f56bfc062723c751e8b465ee728b)
Start importing Assets/Scripts/TerrainGenerator.cs using Guid(f135812751fe5b2489c7a090088f3683) Importer(815301076,1909f56bfc062723c751e8b465ee728b)  -> (artifact id: 'c3ebbf7bcb40397154bef7d40b505308') in 0.008721 seconds 
========================================================================
Received Prepare
Registering precompiled user dll's ...
Registered in 0.004501 seconds.
Begin MonoManager ReloadAssembly
Symbol file LoadedFromMemory doesn't match image C:\Users\jackl\Documents\GitHub\PGA_Infinite_Generation\Library\PackageCache\com.unity.visualscripting@1.6.1\Editor\VisualScripting.Core\Dependencies\YamlDotNet\Unity.VisualScripting.YamlDotNet.dll
Symbol file LoadedFromMemory doesn't match image C:\Users\jackl\Documents\GitHub\PGA_Infinite_Generation\Library\PackageCache\com.unity.visualscripting@1.6.1\Editor\VisualScripting.Core\Dependencies\DotNetZip\Unity.VisualScripting.IonicZip.dll
Native extension for WindowsStandalone target not found
Refreshing native plugins compatible for Editor in 0.94 ms, found 3 plugins.
Preloading 0 native plugins for Editor in 0.00 ms.
Mono: successfully reloaded assembly
- Completed reload, in  1.035 seconds
Domain Reload Profiling:
	ReloadAssembly (1035ms)
		BeginReloadAssembly (117ms)
			ExecutionOrderSort (0ms)
			DisableScriptedObjects (4ms)
			BackupInstance (0ms)
			ReleaseScriptingObjects (0ms)
			CreateAndSetChildDomain (51ms)
		EndReloadAssembly (864ms)
			LoadAssemblies (75ms)
			RebuildTransferFunctionScriptingTraits (0ms)
			SetupTypeCache (340ms)
			ReleaseScriptCaches (2ms)
			RebuildScriptCaches (46ms)
			SetupLoadedEditorAssemblies (311ms)
				LogAssemblyErrors (0ms)
				InitializePlatformSupportModulesInManaged (4ms)
				SetLoadedEditorAssemblies (0ms)
				RefreshPlugins (1ms)
				BeforeProcessingInitializeOnLoad (64ms)
				ProcessInitializeOnLoadAttributes (232ms)
				ProcessInitializeOnLoadMethodAttributes (4ms)
				AfterProcessingInitializeOnLoad (5ms)
				EditorAssembliesLoaded (0ms)
			ExecutionOrderSort2 (0ms)
			AwakeInstancesAfterBackupRestoration (6ms)
Platform modules already initialized, skipping
Refreshing native plugins compatible for Editor in 1.76 ms, found 3 plugins.
Preloading 0 native plugins for Editor in 0.00 ms.
Unloading 4184 Unused Serialized files (Serialized files now loaded: 0)
System memory in use before: 157.2 MB.
System memory in use after: 157.5 MB.

Unloading 18 unused Assets to reduce memory usage. Loaded Objects now: 4694.
Total: 7.177000 ms (FindLiveObjects: 0.955500 ms CreateObjectMapping: 0.585800 ms MarkObjects: 5.508000 ms  DeleteObjects: 0.125800 ms)

AssetImportParameters requested are different than current active one (requested -> active):
  custom:framework-win-MediaFoundation: 216162199b28c13a410421893ffa2e32 -> 
  custom:video-decoder-ogg-theora: a1e56fd34408186e4bbccfd4996cb3dc -> 
  custom:container-muxer-webm: aa71ff27fc2769a1b78a27578f13a17b -> 
  custom:container-demuxer-webm: 4f35f7cbe854078d1ac9338744f61a02 -> 
  custom:container-demuxer-ogg: 62fdf1f143b41e24485cea50d1cbac27 -> 
  custom:video-encoder-webm-vp8: eb34c28f22e8b96e1ab97ce403110664 -> 
  custom:video-decoder-webm-vp8: 9c59270c3fd7afecdb556c50c9e8de78 -> 
  custom:audio-decoder-ogg-vorbis: bf7c407c2cedff20999df2af8eb42d56 -> 
  custom:audio-encoder-webm-vorbis: bf7c407c2cedff20999df2af8eb42d56 -> 
========================================================================
Received Import Request.
  Time since last request: 374.743094 seconds.
  path: Assets/Scripts/World.cs
  artifactKey: Guid(591afe416176cef4e895d2d505f2633e) Importer(815301076,1909f56bfc062723c751e8b465ee728b)
Start importing Assets/Scripts/World.cs using Guid(591afe416176cef4e895d2d505f2633e) Importer(815301076,1909f56bfc062723c751e8b465ee728b)  -> (artifact id: '00000000000000000000000000000000') in 0.002942 seconds  code(4) message(Build asset version error: assets/scripts/world.cs in SourceAssetDB has modification time of '2021-11-13T09:09:50.5924153Z' while content on disk has modification time of '2021-11-13T09:10:46.9472977Z')
  ERROR: Build asset version error: assets/scripts/world.cs in SourceAssetDB has modification time of '2021-11-13T09:09:50.5924153Z' while content on disk has modification time of '2021-11-13T09:10:46.9472977Z'
========================================================================
Received Prepare
Registering precompiled user dll's ...
Registered in 0.004686 seconds.
Begin MonoManager ReloadAssembly
Symbol file LoadedFromMemory doesn't match image C:\Users\jackl\Documents\GitHub\PGA_Infinite_Generation\Library\PackageCache\com.unity.visualscripting@1.6.1\Editor\VisualScripting.Core\Dependencies\YamlDotNet\Unity.VisualScripting.YamlDotNet.dll
Symbol file LoadedFromMemory doesn't match image C:\Users\jackl\Documents\GitHub\PGA_Infinite_Generation\Library\PackageCache\com.unity.visualscripting@1.6.1\Editor\VisualScripting.Core\Dependencies\DotNetZip\Unity.VisualScripting.IonicZip.dll
Native extension for WindowsStandalone target not found
Refreshing native plugins compatible for Editor in 0.95 ms, found 3 plugins.
Preloading 0 native plugins for Editor in 0.00 ms.
Mono: successfully reloaded assembly
- Completed reload, in  1.036 seconds
Domain Reload Profiling:
	ReloadAssembly (1036ms)
		BeginReloadAssembly (116ms)
			ExecutionOrderSort (0ms)
			DisableScriptedObjects (5ms)
			BackupInstance (0ms)
			ReleaseScriptingObjects (0ms)
			CreateAndSetChildDomain (51ms)
		EndReloadAssembly (867ms)
			LoadAssemblies (76ms)
			RebuildTransferFunctionScriptingTraits (0ms)
			SetupTypeCache (339ms)
			ReleaseScriptCaches (2ms)
			RebuildScriptCaches (46ms)
			SetupLoadedEditorAssemblies (310ms)
				LogAssemblyErrors (0ms)
				InitializePlatformSupportModulesInManaged (4ms)
				SetLoadedEditorAssemblies (0ms)
				RefreshPlugins (1ms)
				BeforeProcessingInitializeOnLoad (60ms)
				ProcessInitializeOnLoadAttributes (235ms)
				ProcessInitializeOnLoadMethodAttributes (4ms)
				AfterProcessingInitializeOnLoad (5ms)
				EditorAssembliesLoaded (0ms)
			ExecutionOrderSort2 (0ms)
			AwakeInstancesAfterBackupRestoration (6ms)
Platform modules already initialized, skipping
Refreshing native plugins compatible for Editor in 0.93 ms, found 3 plugins.
Preloading 0 native plugins for Editor in 0.00 ms.
Unloading 4184 Unused Serialized files (Serialized files now loaded: 0)
System memory in use before: 157.3 MB.
System memory in use after: 157.5 MB.

Unloading 18 unused Assets to reduce memory usage. Loaded Objects now: 4697.
Total: 3.954600 ms (FindLiveObjects: 0.415600 ms CreateObjectMapping: 0.317900 ms MarkObjects: 3.148300 ms  DeleteObjects: 0.071200 ms)

AssetImportParameters requested are different than current active one (requested -> active):
  custom:framework-win-MediaFoundation: 216162199b28c13a410421893ffa2e32 -> 
  custom:video-decoder-ogg-theora: a1e56fd34408186e4bbccfd4996cb3dc -> 
  custom:container-muxer-webm: aa71ff27fc2769a1b78a27578f13a17b -> 
  custom:container-demuxer-webm: 4f35f7cbe854078d1ac9338744f61a02 -> 
  custom:container-demuxer-ogg: 62fdf1f143b41e24485cea50d1cbac27 -> 
  custom:video-encoder-webm-vp8: eb34c28f22e8b96e1ab97ce403110664 -> 
  custom:video-decoder-webm-vp8: 9c59270c3fd7afecdb556c50c9e8de78 -> 
  custom:audio-decoder-ogg-vorbis: bf7c407c2cedff20999df2af8eb42d56 -> 
  custom:audio-encoder-webm-vorbis: bf7c407c2cedff20999df2af8eb42d56 -> 
========================================================================
Received Import Request.
  Time since last request: 9562.905049 seconds.
  path: Assets/Scripts/World.cs
  artifactKey: Guid(591afe416176cef4e895d2d505f2633e) Importer(815301076,1909f56bfc062723c751e8b465ee728b)
Start importing Assets/Scripts/World.cs using Guid(591afe416176cef4e895d2d505f2633e) Importer(815301076,1909f56bfc062723c751e8b465ee728b)  -> (artifact id: '2caeb6ba57f8f1b5f0fc70a694e822fd') in 0.016621 seconds 
AssetImportWorkerClient::OnTransportError - code=2 error=End of file
